android-shell-app/app/build/intermediates/manifest_merge_blame_file/debug/manifest-merger-blame-debug-report.txt
1<?xml version="1.0" encoding="utf-8"?>
2<manifest xmlns:android="http://schemas.android.com/apk/res/android"
3    package="com.adrienblc.r2test"
4    android:versionCode="1"
5    android:versionName="1.0.0" >
6
7    <uses-sdk
8        android:minSdkVersion="21"
8-->src/main/AndroidManifest.xml
9        android:targetSdkVersion="29" />
9-->src/main/AndroidManifest.xml
10
11    <permission
11-->src/main/AndroidManifest.xml:7:3-9:42
12        android:name="com.adrienblc.r2test.permission.C2D_MESSAGE"
12-->src/main/AndroidManifest.xml:8:5-63
13        android:protectionLevel="signature" />
13-->src/main/AndroidManifest.xml:9:5-40
14
15    <!-- These are required permissions to make the app run -->
16    <uses-permission android:name="com.adrienblc.r2test.permission.C2D_MESSAGE" />
16-->src/main/AndroidManifest.xml:12:3-81
16-->src/main/AndroidManifest.xml:12:20-78
17    <uses-permission android:name="com.google.android.c2dm.permission.RECEIVE" />
17-->src/main/AndroidManifest.xml:13:3-80
17-->src/main/AndroidManifest.xml:13:20-77
18    <uses-permission android:name="android.permission.ACCESS_NETWORK_STATE" />
18-->src/main/AndroidManifest.xml:14:3-77
18-->src/main/AndroidManifest.xml:14:20-74
19    <uses-permission android:name="android.permission.INTERNET" />
19-->src/main/AndroidManifest.xml:15:3-65
19-->src/main/AndroidManifest.xml:15:20-62
20    <uses-permission android:name="android.permission.SYSTEM_ALERT_WINDOW" />
20-->src/main/AndroidManifest.xml:16:3-76
20-->src/main/AndroidManifest.xml:16:20-73
21    <uses-permission android:name="android.permission.WAKE_LOCK" />
21-->src/main/AndroidManifest.xml:17:3-66
21-->src/main/AndroidManifest.xml:17:20-63
22
23    <!-- ADD PERMISSIONS HERE -->
24    <!-- BEGIN OPTIONAL PERMISSIONS -->
25    <uses-permission android:name="android.permission.MANAGE_DOCUMENTS" />
25-->src/main/AndroidManifest.xml:21:3-73
25-->src/main/AndroidManifest.xml:21:20-70
26    <uses-permission android:name="android.permission.READ_INTERNAL_STORAGE" />
26-->src/main/AndroidManifest.xml:22:3-78
26-->src/main/AndroidManifest.xml:22:20-75
27    <uses-permission android:name="android.permission.READ_PHONE_STATE" />
27-->src/main/AndroidManifest.xml:23:3-73
27-->src/main/AndroidManifest.xml:23:20-70
28    <uses-permission android:name="android.permission.USE_FINGERPRINT" />
28-->src/main/AndroidManifest.xml:24:3-72
28-->src/main/AndroidManifest.xml:24:20-69
29    <uses-permission android:name="android.permission.VIBRATE" />
29-->src/main/AndroidManifest.xml:25:3-64
29-->src/main/AndroidManifest.xml:25:20-61
30    <uses-permission android:name="com.android.launcher.permission.INSTALL_SHORTCUT" />
30-->src/main/AndroidManifest.xml:26:3-86
30-->src/main/AndroidManifest.xml:26:20-83
31    <uses-permission android:name="android.permission.MODIFY_AUDIO_SETTINGS" />
31-->src/main/AndroidManifest.xml:27:3-78
31-->src/main/AndroidManifest.xml:27:20-75
32
33    <!-- These require runtime permissions on M -->
34    <uses-permission android:name="android.permission.ACCESS_COARSE_LOCATION" />
34-->src/main/AndroidManifest.xml:30:3-79
34-->src/main/AndroidManifest.xml:30:20-76
35    <uses-permission android:name="android.permission.ACCESS_FINE_LOCATION" />
35-->src/main/AndroidManifest.xml:31:3-77
35-->src/main/AndroidManifest.xml:31:20-74
36    <uses-permission android:name="android.permission.CAMERA" />
36-->src/main/AndroidManifest.xml:32:3-63
36-->src/main/AndroidManifest.xml:32:20-60
37    <uses-permission android:name="android.permission.READ_CONTACTS" />
37-->src/main/AndroidManifest.xml:33:3-70
37-->src/main/AndroidManifest.xml:33:20-67
38    <uses-permission android:name="android.permission.READ_CALENDAR" />
38-->src/main/AndroidManifest.xml:34:3-70
38-->src/main/AndroidManifest.xml:34:20-67
39    <uses-permission android:name="android.permission.WRITE_CALENDAR" />
39-->src/main/AndroidManifest.xml:35:3-71
39-->src/main/AndroidManifest.xml:35:20-68
40    <uses-permission android:name="android.permission.READ_EXTERNAL_STORAGE" />
40-->src/main/AndroidManifest.xml:36:3-78
40-->src/main/AndroidManifest.xml:36:20-75
41    <uses-permission android:name="android.permission.RECORD_AUDIO" />
41-->src/main/AndroidManifest.xml:37:3-69
41-->src/main/AndroidManifest.xml:37:20-66
42    <uses-permission android:name="android.permission.WRITE_EXTERNAL_STORAGE" />
42-->src/main/AndroidManifest.xml:38:3-79
42-->src/main/AndroidManifest.xml:38:20-76
43    <uses-permission android:name="android.permission.WRITE_SETTINGS" />
43-->src/main/AndroidManifest.xml:39:3-71
43-->src/main/AndroidManifest.xml:39:20-68
44    <!-- END OPTIONAL PERMISSIONS -->
45
46    <uses-permission android:name="android.permission.WRITE_CONTACTS" />
46-->src/main/AndroidManifest.xml:42:3-71
46-->src/main/AndroidManifest.xml:42:20-68
47
48    <uses-feature
48-->src/main/AndroidManifest.xml:44:3-77
49        android:glEsVersion="0x00020000"
49-->src/main/AndroidManifest.xml:44:17-49
50        android:required="true" />
50-->src/main/AndroidManifest.xml:44:50-74
51    <uses-feature
51-->src/main/AndroidManifest.xml:45:3-85
52        android:name="android.software.leanback"
52-->src/main/AndroidManifest.xml:45:17-57
53        android:required="false" />
53-->src/main/AndroidManifest.xml:45:58-82
54    <uses-feature
54-->src/main/AndroidManifest.xml:46:3-88
55        android:name="android.hardware.touchscreen"
55-->src/main/AndroidManifest.xml:46:17-60
56        android:required="false" />
56-->src/main/AndroidManifest.xml:46:61-85
57
58    <!-- WHEN_VERSIONING_REMOVE_FROM_HERE -->
59    <supports-screens
59-->[:expoview] AndroidManifest.xml:13:5-18:40
60        android:anyDensity="true"
60-->[:expoview] AndroidManifest.xml:14:9-34
61        android:largeScreens="true"
61-->[:expoview] AndroidManifest.xml:15:9-36
62        android:normalScreens="true"
62-->[:expoview] AndroidManifest.xml:16:9-37
63        android:smallScreens="true"
63-->[:expoview] AndroidManifest.xml:17:9-36
64        android:xlargeScreens="true" />
64-->[:expoview] AndroidManifest.xml:18:9-37
65
66    <uses-permission android:name="host.exp.exponent.permission.C2D_MESSAGE" /> <!-- Used by react-native-netinfo module -->
66-->[:expoview] AndroidManifest.xml:24:5-80
66-->[:expoview] AndroidManifest.xml:24:22-77
67    <uses-permission android:name="android.permission.ACCESS_WIFI_STATE" />
67-->[:expoview] AndroidManifest.xml:32:5-76
67-->[:expoview] AndroidManifest.xml:32:22-73
68
69    <uses-feature
69-->[:expoview] AndroidManifest.xml:45:5-47:36
70        android:name="android.hardware.camera"
70-->[:expoview] AndroidManifest.xml:46:9-47
71        android:required="false" />
71-->[:expoview] AndroidManifest.xml:47:9-33
72    <uses-feature
72-->[:expoview] AndroidManifest.xml:48:5-50:36
73        android:name="android.hardware.camera.autofocus"
73-->[:expoview] AndroidManifest.xml:49:9-57
74        android:required="false" />
74-->[:expoview] AndroidManifest.xml:50:9-33
75    <uses-feature
75-->[:expoview] AndroidManifest.xml:51:5-53:36
76        android:name="android.hardware.location"
76-->[:expoview] AndroidManifest.xml:52:9-49
77        android:required="false" />
77-->[:expoview] AndroidManifest.xml:53:9-33
78    <uses-feature
78-->[:expoview] AndroidManifest.xml:54:5-56:36
79        android:name="android.hardware.location.gps"
79-->[:expoview] AndroidManifest.xml:55:9-53
80        android:required="false" />
80-->[:expoview] AndroidManifest.xml:56:9-33
81    <uses-feature
81-->[:expoview] AndroidManifest.xml:57:5-59:36
82        android:name="android.hardware.location.network"
82-->[:expoview] AndroidManifest.xml:58:9-57
83        android:required="false" />
83-->[:expoview] AndroidManifest.xml:59:9-33
84    <uses-feature
84-->[:expoview] AndroidManifest.xml:60:5-62:36
85        android:name="android.hardware.wifi"
85-->[:expoview] AndroidManifest.xml:61:9-45
86        android:required="false" />
86-->[:expoview] AndroidManifest.xml:62:9-33
87    <uses-feature
87-->[:expoview] AndroidManifest.xml:63:5-65:36
88        android:name="android.hardware.microphone"
88-->[:expoview] AndroidManifest.xml:64:9-51
89        android:required="false" />
89-->[:expoview] AndroidManifest.xml:65:9-33
90    <uses-feature
90-->[:expoview] AndroidManifest.xml:66:5-68:36
91        android:name="android.hardware.telephony"
91-->[:expoview] AndroidManifest.xml:67:9-50
92        android:required="false" />
92-->[:expoview] AndroidManifest.xml:68:9-33
93    <uses-feature
93-->[:expoview] AndroidManifest.xml:69:5-71:36
94        android:name="android.hardware.bluetooth"
94-->[:expoview] AndroidManifest.xml:70:9-50
95        android:required="false" />
95-->[:expoview] AndroidManifest.xml:71:9-33
96
97    <uses-permission android:name="android.permission.RECEIVE_BOOT_COMPLETED" />
97-->[host.exp.exponent:expo-background-fetch:8.6.0] AndroidManifest.xml:11:5-81
97-->[host.exp.exponent:expo-background-fetch:8.6.0] AndroidManifest.xml:11:22-78
98    <uses-permission android:name="android.permission.USE_BIOMETRIC" />
98-->[host.exp.exponent:expo-local-authentication:9.5.0] AndroidManifest.xml:12:5-72
98-->[host.exp.exponent:expo-local-authentication:9.5.0] AndroidManifest.xml:12:22-69
99    <uses-permission android:name="android.permission.FOREGROUND_SERVICE" /> <!-- for android -->
99-->[host.exp.exponent:expo-location:10.0.0] AndroidManifest.xml:13:5-77
99-->[host.exp.exponent:expo-location:10.0.0] AndroidManifest.xml:13:22-74
100    <!-- <uses-permission android:name="com.android.launcher.permission.READ_SETTINGS"/> -->
101    <!-- <uses-permission android:name="com.android.launcher.permission.WRITE_SETTINGS"/> -->
102    <!-- <uses-permission android:name="com.android.launcher.permission.INSTALL_SHORTCUT" /> -->
103    <!-- <uses-permission android:name="com.android.launcher.permission.UNINSTALL_SHORTCUT" /> -->
104    <!-- for Samsung -->
105    <uses-permission android:name="com.sec.android.provider.badge.permission.READ" />
105-->[me.leolin:ShortcutBadger:1.1.22] AndroidManifest.xml:19:5-86
105-->[me.leolin:ShortcutBadger:1.1.22] AndroidManifest.xml:19:22-83
106    <uses-permission android:name="com.sec.android.provider.badge.permission.WRITE" /> <!-- for htc -->
106-->[me.leolin:ShortcutBadger:1.1.22] AndroidManifest.xml:20:5-87
106-->[me.leolin:ShortcutBadger:1.1.22] AndroidManifest.xml:20:22-84
107    <uses-permission android:name="com.htc.launcher.permission.READ_SETTINGS" />
107-->[me.leolin:ShortcutBadger:1.1.22] AndroidManifest.xml:23:5-81
107-->[me.leolin:ShortcutBadger:1.1.22] AndroidManifest.xml:23:22-78
108    <uses-permission android:name="com.htc.launcher.permission.UPDATE_SHORTCUT" /> <!-- for sony -->
108-->[me.leolin:ShortcutBadger:1.1.22] AndroidManifest.xml:24:5-83
108-->[me.leolin:ShortcutBadger:1.1.22] AndroidManifest.xml:24:22-80
109    <uses-permission android:name="com.sonyericsson.home.permission.BROADCAST_BADGE" />
109-->[me.leolin:ShortcutBadger:1.1.22] AndroidManifest.xml:27:5-88
109-->[me.leolin:ShortcutBadger:1.1.22] AndroidManifest.xml:27:22-85
110    <uses-permission android:name="com.sonymobile.home.permission.PROVIDER_INSERT_BADGE" /> <!-- for apex -->
110-->[me.leolin:ShortcutBadger:1.1.22] AndroidManifest.xml:28:5-92
110-->[me.leolin:ShortcutBadger:1.1.22] AndroidManifest.xml:28:22-89
111    <uses-permission android:name="com.anddoes.launcher.permission.UPDATE_COUNT" /> <!-- for solid -->
111-->[me.leolin:ShortcutBadger:1.1.22] AndroidManifest.xml:31:5-84
111-->[me.leolin:ShortcutBadger:1.1.22] AndroidManifest.xml:31:22-81
112    <uses-permission android:name="com.majeur.launcher.permission.UPDATE_BADGE" /> <!-- for huawei -->
112-->[me.leolin:ShortcutBadger:1.1.22] AndroidManifest.xml:34:5-83
112-->[me.leolin:ShortcutBadger:1.1.22] AndroidManifest.xml:34:22-80
113    <uses-permission android:name="com.huawei.android.launcher.permission.CHANGE_BADGE" />
113-->[me.leolin:ShortcutBadger:1.1.22] AndroidManifest.xml:37:5-91
113-->[me.leolin:ShortcutBadger:1.1.22] AndroidManifest.xml:37:22-88
114    <uses-permission android:name="com.huawei.android.launcher.permission.READ_SETTINGS" />
114-->[me.leolin:ShortcutBadger:1.1.22] AndroidManifest.xml:38:5-92
114-->[me.leolin:ShortcutBadger:1.1.22] AndroidManifest.xml:38:22-89
115    <uses-permission android:name="com.huawei.android.launcher.permission.WRITE_SETTINGS" /> <!-- for ZUK -->
115-->[me.leolin:ShortcutBadger:1.1.22] AndroidManifest.xml:39:5-93
115-->[me.leolin:ShortcutBadger:1.1.22] AndroidManifest.xml:39:22-90
116    <uses-permission android:name="android.permission.READ_APP_BADGE" /> <!-- for OPPO -->
116-->[me.leolin:ShortcutBadger:1.1.22] AndroidManifest.xml:42:5-73
116-->[me.leolin:ShortcutBadger:1.1.22] AndroidManifest.xml:42:22-70
117    <uses-permission android:name="com.oppo.launcher.permission.READ_SETTINGS" />
117-->[me.leolin:ShortcutBadger:1.1.22] AndroidManifest.xml:45:5-82
117-->[me.leolin:ShortcutBadger:1.1.22] AndroidManifest.xml:45:22-79
118    <uses-permission android:name="com.oppo.launcher.permission.WRITE_SETTINGS" /> <!-- for EvMe -->
118-->[me.leolin:ShortcutBadger:1.1.22] AndroidManifest.xml:46:5-83
118-->[me.leolin:ShortcutBadger:1.1.22] AndroidManifest.xml:46:22-80
119    <uses-permission android:name="me.everything.badger.permission.BADGE_COUNT_READ" />
119-->[me.leolin:ShortcutBadger:1.1.22] AndroidManifest.xml:49:5-88
119-->[me.leolin:ShortcutBadger:1.1.22] AndroidManifest.xml:49:22-85
120    <uses-permission android:name="me.everything.badger.permission.BADGE_COUNT_WRITE" />
120-->[me.leolin:ShortcutBadger:1.1.22] AndroidManifest.xml:50:5-89
120-->[me.leolin:ShortcutBadger:1.1.22] AndroidManifest.xml:50:22-86
121    <uses-permission android:name="com.google.android.providers.gsf.permission.READ_GSERVICES" />
121-->[io.nlopez.smartlocation:library:3.2.11] AndroidManifest.xml:15:5-98
121-->[io.nlopez.smartlocation:library:3.2.11] AndroidManifest.xml:15:22-95
122    <uses-permission android:name="com.google.android.gms.permission.ACTIVITY_RECOGNITION" />
122-->[io.nlopez.smartlocation:library:3.2.11] AndroidManifest.xml:16:5-94
122-->[io.nlopez.smartlocation:library:3.2.11] AndroidManifest.xml:16:22-91
123    <uses-permission android:name="com.google.android.finsky.permission.BIND_GET_INSTALL_REFERRER_SERVICE" />
123-->[com.android.installreferrer:installreferrer:2.1] AndroidManifest.xml:9:5-110
123-->[com.android.installreferrer:installreferrer:2.1] AndroidManifest.xml:9:22-107
124
125    <application
125-->src/main/AndroidManifest.xml:48:3-314:17
126        android:name="host.exp.exponent.MainApplication"
126-->src/main/AndroidManifest.xml:49:5-36
127        android:allowBackup="true"
127-->src/main/AndroidManifest.xml:50:5-31
128        android:appComponentFactory="androidx.core.app.CoreComponentFactory"
128-->[androidx.core:core:1.3.1] AndroidManifest.xml:24:18-86
129        android:debuggable="true"
130        android:icon="@mipmap/ic_launcher"
130-->src/main/AndroidManifest.xml:51:5-39
131        android:label="@string/app_name"
131-->src/main/AndroidManifest.xml:52:5-37
132        android:largeHeap="true"
132-->src/main/AndroidManifest.xml:53:5-29
133        android:requestLegacyExternalStorage="true"
133-->src/main/AndroidManifest.xml:54:5-48
134        android:supportsRtl="true"
134-->[com.facebook.android:facebook-login:5.12.1] AndroidManifest.xml:28:18-44
135        android:testOnly="true"
136        android:usesCleartextTraffic="true" >
136-->src/main/AndroidManifest.xml:55:5-40
137        <activity
137-->src/main/AndroidManifest.xml:57:5-62:16
138            android:name="host.exp.exponent.LauncherActivity"
138-->src/main/AndroidManifest.xml:58:7-39
139            android:exported="true"
139-->src/main/AndroidManifest.xml:59:7-30
140            android:launchMode="singleTask"
140-->src/main/AndroidManifest.xml:60:7-38
141            android:theme="@android:style/Theme.Translucent.NoTitleBar" >
141-->src/main/AndroidManifest.xml:61:7-66
142        </activity>
143        <activity
143-->src/main/AndroidManifest.xml:64:5-69:16
144            android:name="host.exp.exponent.experience.ExperienceActivity"
144-->src/main/AndroidManifest.xml:65:7-52
145            android:configChanges="keyboard|keyboardHidden|orientation|screenSize|uiMode"
145-->src/main/AndroidManifest.xml:66:7-84
146            android:theme="@style/Theme.Exponent.Light"
146-->src/main/AndroidManifest.xml:67:7-50
147            android:windowSoftInputMode="adjustResize" >
147-->src/main/AndroidManifest.xml:68:7-49
148        </activity>
149        <activity
149-->src/main/AndroidManifest.xml:71:5-84:16
150            android:name="host.exp.exponent.MainActivity"
150-->src/main/AndroidManifest.xml:72:7-35
151            android:configChanges="keyboard|keyboardHidden|orientation|screenSize|uiMode"
151-->src/main/AndroidManifest.xml:74:7-84
152            android:launchMode="singleTask"
152-->src/main/AndroidManifest.xml:73:7-38
153            android:theme="@style/Theme.Exponent.Splash"
153-->src/main/AndroidManifest.xml:75:7-51
154            android:windowSoftInputMode="adjustResize" >
154-->src/main/AndroidManifest.xml:76:7-49
155
156            <!-- ADD DETACH SCHEME HERE -->
157            <intent-filter>
157-->src/main/AndroidManifest.xml:78:7-82:23
158                <action android:name="android.intent.action.MAIN" />
158-->src/main/AndroidManifest.xml:79:9-60
158-->src/main/AndroidManifest.xml:79:17-58
159
160                <category android:name="android.intent.category.LAUNCHER" />
160-->src/main/AndroidManifest.xml:81:9-68
160-->src/main/AndroidManifest.xml:81:19-66
161            </intent-filter>
162            <!-- ADD DETACH APP SPECIFIC INTENT FILTERS -->
163        </activity>
164        <activity
164-->src/main/AndroidManifest.xml:86:5-92:16
165            android:name="host.exp.exponent.experience.HomeActivity"
165-->src/main/AndroidManifest.xml:87:7-46
166            android:label="@string/app_name"
166-->src/main/AndroidManifest.xml:88:7-39
167            android:launchMode="singleTask"
167-->src/main/AndroidManifest.xml:89:7-38
168            android:screenOrientation="portrait"
168-->src/main/AndroidManifest.xml:90:7-43
169            android:theme="@style/Theme.Exponent.HomeActivity" >
169-->src/main/AndroidManifest.xml:91:7-57
170        </activity>
171        <activity
171-->src/main/AndroidManifest.xml:94:5-103:15
172            android:name="host.exp.exponent.experience.TvActivity"
172-->src/main/AndroidManifest.xml:95:7-44
173            android:label="@string/app_name"
173-->src/main/AndroidManifest.xml:96:7-39
174            android:screenOrientation="landscape"
174-->src/main/AndroidManifest.xml:98:7-44
175            android:theme="@style/Theme.Exponent.Light" >
175-->src/main/AndroidManifest.xml:97:7-50
176            <intent-filter>
176-->src/main/AndroidManifest.xml:99:6-102:22
177                <action android:name="android.intent.action.MAIN" />
177-->src/main/AndroidManifest.xml:79:9-60
177-->src/main/AndroidManifest.xml:79:17-58
178
179                <category android:name="android.intent.category.LEANBACK_LAUNCHER" />
179-->src/main/AndroidManifest.xml:101:8-77
179-->src/main/AndroidManifest.xml:101:18-74
180            </intent-filter>
181        </activity>
182        <activity android:name="com.facebook.react.devsupport.DevSettingsActivity" />
182-->src/main/AndroidManifest.xml:107:5-81
182-->src/main/AndroidManifest.xml:107:15-79
183        <activity android:name="net.openid.appauth.RedirectUriReceiverActivity" >
183-->src/main/AndroidManifest.xml:109:5-118:16
183-->src/main/AndroidManifest.xml:110:9-70
184            <intent-filter>
184-->src/main/AndroidManifest.xml:112:7-117:23
185                <action android:name="android.intent.action.VIEW" />
185-->src/main/AndroidManifest.xml:113:9-60
185-->src/main/AndroidManifest.xml:113:17-58
186
187                <category android:name="android.intent.category.DEFAULT" />
187-->src/main/AndroidManifest.xml:114:9-67
187-->src/main/AndroidManifest.xml:114:19-65
188                <category android:name="android.intent.category.BROWSABLE" />
188-->src/main/AndroidManifest.xml:115:9-69
188-->src/main/AndroidManifest.xml:115:19-67
189
190                <data
190-->src/main/AndroidManifest.xml:116:9-83
191                    android:path="oauthredirect"
191-->src/main/AndroidManifest.xml:116:53-81
192                    android:scheme="com.adrienblc.r2test" />
192-->src/main/AndroidManifest.xml:116:15-52
193            </intent-filter>
194        </activity>
195
196        <!-- START OF STRIPE SCHEMES -->
197        <activity
197-->src/main/AndroidManifest.xml:121:5-132:16
198            android:name="expo.modules.payments.stripe.RedirectUriReceiver"
198-->src/main/AndroidManifest.xml:124:9-72
199            android:exported="true"
199-->src/main/AndroidManifest.xml:122:9-32
200            android:launchMode="singleTask"
200-->src/main/AndroidManifest.xml:123:9-40
201            android:theme="@android:style/Theme.Translucent.NoTitleBar.Fullscreen" >
201-->src/main/AndroidManifest.xml:125:9-79
202            <intent-filter>
202-->src/main/AndroidManifest.xml:126:9-131:25
203                <action android:name="android.intent.action.VIEW" />
203-->src/main/AndroidManifest.xml:113:9-60
203-->src/main/AndroidManifest.xml:113:17-58
204
205                <category android:name="android.intent.category.DEFAULT" />
205-->src/main/AndroidManifest.xml:114:9-67
205-->src/main/AndroidManifest.xml:114:19-65
206                <category android:name="android.intent.category.BROWSABLE" />
206-->src/main/AndroidManifest.xml:115:9-69
206-->src/main/AndroidManifest.xml:115:19-67
207
208                <data android:scheme="expo.modules.payments.stripe.8d0a2e20-7651-4cf1-af3e-15cbc35eee4b" />
208-->src/main/AndroidManifest.xml:116:9-83
208-->src/main/AndroidManifest.xml:116:15-52
209            </intent-filter>
210        </activity>
211        <!-- Versioned Activity for Stripe -->
212        <!-- BEGIN_SDK_40 -->
213        <activity
213-->src/main/AndroidManifest.xml:135:5-146:16
214            android:name="abi40_0_0.expo.modules.payments.stripe.RedirectUriReceiver"
214-->src/main/AndroidManifest.xml:138:7-80
215            android:exported="true"
215-->src/main/AndroidManifest.xml:136:7-30
216            android:launchMode="singleTask"
216-->src/main/AndroidManifest.xml:137:7-38
217            android:theme="@android:style/Theme.Translucent.NoTitleBar.Fullscreen" >
217-->src/main/AndroidManifest.xml:139:7-77
218            <intent-filter>
218-->src/main/AndroidManifest.xml:140:7-145:23
219                <action android:name="android.intent.action.VIEW" />
219-->src/main/AndroidManifest.xml:113:9-60
219-->src/main/AndroidManifest.xml:113:17-58
220
221                <category android:name="android.intent.category.DEFAULT" />
221-->src/main/AndroidManifest.xml:114:9-67
221-->src/main/AndroidManifest.xml:114:19-65
222                <category android:name="android.intent.category.BROWSABLE" />
222-->src/main/AndroidManifest.xml:115:9-69
222-->src/main/AndroidManifest.xml:115:19-67
223
224                <data android:scheme="abi40_0_0.expo.modules.payments.stripe" />
224-->src/main/AndroidManifest.xml:116:9-83
224-->src/main/AndroidManifest.xml:116:15-52
225            </intent-filter>
226        </activity>
227        <!-- END_SDK_40 -->
228        <!-- BEGIN_SDK_39 -->
229        <activity
229-->src/main/AndroidManifest.xml:149:5-160:16
230            android:name="abi39_0_0.expo.modules.payments.stripe.RedirectUriReceiver"
230-->src/main/AndroidManifest.xml:152:7-80
231            android:exported="true"
231-->src/main/AndroidManifest.xml:150:7-30
232            android:launchMode="singleTask"
232-->src/main/AndroidManifest.xml:151:7-38
233            android:theme="@android:style/Theme.Translucent.NoTitleBar.Fullscreen" >
233-->src/main/AndroidManifest.xml:153:7-77
234            <intent-filter>
234-->src/main/AndroidManifest.xml:154:7-159:23
235                <action android:name="android.intent.action.VIEW" />
235-->src/main/AndroidManifest.xml:113:9-60
235-->src/main/AndroidManifest.xml:113:17-58
236
237                <category android:name="android.intent.category.DEFAULT" />
237-->src/main/AndroidManifest.xml:114:9-67
237-->src/main/AndroidManifest.xml:114:19-65
238                <category android:name="android.intent.category.BROWSABLE" />
238-->src/main/AndroidManifest.xml:115:9-69
238-->src/main/AndroidManifest.xml:115:19-67
239
240                <data android:scheme="abi39_0_0.expo.modules.payments.stripe" />
240-->src/main/AndroidManifest.xml:116:9-83
240-->src/main/AndroidManifest.xml:116:15-52
241            </intent-filter>
242        </activity>
243        <!-- END_SDK_39 -->
244        <!-- BEGIN_SDK_38 -->
245        <activity
245-->src/main/AndroidManifest.xml:163:5-174:16
246            android:name="abi38_0_0.expo.modules.payments.stripe.RedirectUriReceiver"
246-->src/main/AndroidManifest.xml:166:7-80
247            android:exported="true"
247-->src/main/AndroidManifest.xml:164:7-30
248            android:launchMode="singleTask"
248-->src/main/AndroidManifest.xml:165:7-38
249            android:theme="@android:style/Theme.Translucent.NoTitleBar.Fullscreen" >
249-->src/main/AndroidManifest.xml:167:7-77
250            <intent-filter>
250-->src/main/AndroidManifest.xml:168:7-173:23
251                <action android:name="android.intent.action.VIEW" />
251-->src/main/AndroidManifest.xml:113:9-60
251-->src/main/AndroidManifest.xml:113:17-58
252
253                <category android:name="android.intent.category.DEFAULT" />
253-->src/main/AndroidManifest.xml:114:9-67
253-->src/main/AndroidManifest.xml:114:19-65
254                <category android:name="android.intent.category.BROWSABLE" />
254-->src/main/AndroidManifest.xml:115:9-69
254-->src/main/AndroidManifest.xml:115:19-67
255
256                <data android:scheme="abi38_0_0.expo.modules.payments.stripe" />
256-->src/main/AndroidManifest.xml:116:9-83
256-->src/main/AndroidManifest.xml:116:15-52
257            </intent-filter>
258        </activity>
259        <!-- END_SDK_38 -->
260        <!-- BEGIN_SDK_37 -->
261        <activity
261-->src/main/AndroidManifest.xml:177:5-188:16
262            android:name="abi37_0_0.expo.modules.payments.stripe.RedirectUriReceiver"
262-->src/main/AndroidManifest.xml:180:7-80
263            android:exported="true"
263-->src/main/AndroidManifest.xml:178:7-30
264            android:launchMode="singleTask"
264-->src/main/AndroidManifest.xml:179:7-38
265            android:theme="@android:style/Theme.Translucent.NoTitleBar.Fullscreen" >
265-->src/main/AndroidManifest.xml:181:7-77
266            <intent-filter>
266-->src/main/AndroidManifest.xml:182:7-187:23
267                <action android:name="android.intent.action.VIEW" />
267-->src/main/AndroidManifest.xml:113:9-60
267-->src/main/AndroidManifest.xml:113:17-58
268
269                <category android:name="android.intent.category.DEFAULT" />
269-->src/main/AndroidManifest.xml:114:9-67
269-->src/main/AndroidManifest.xml:114:19-65
270                <category android:name="android.intent.category.BROWSABLE" />
270-->src/main/AndroidManifest.xml:115:9-69
270-->src/main/AndroidManifest.xml:115:19-67
271
272                <data android:scheme="abi37_0_0.expo.modules.payments.stripe" />
272-->src/main/AndroidManifest.xml:116:9-83
272-->src/main/AndroidManifest.xml:116:15-52
273            </intent-filter>
274        </activity>
275        <!-- END_SDK_37 -->
276        <!-- END OF STRIPE SCHEMES -->
277
278        <activity
278-->src/main/AndroidManifest.xml:192:5-196:16
279            android:name="host.exp.exponent.experience.ErrorActivity"
279-->src/main/AndroidManifest.xml:193:7-47
280            android:screenOrientation="portrait"
280-->src/main/AndroidManifest.xml:195:7-43
281            android:theme="@style/Theme.Exponent.Dark" >
281-->src/main/AndroidManifest.xml:194:7-49
282        </activity>
283        <activity
283-->src/main/AndroidManifest.xml:198:5-203:39
284            android:name="com.facebook.FacebookActivity"
284-->src/main/AndroidManifest.xml:199:7-51
285            android:configChanges="keyboard|keyboardHidden|screenLayout|screenSize|orientation"
285-->src/main/AndroidManifest.xml:200:7-90
286            android:label="@string/app_name"
286-->src/main/AndroidManifest.xml:201:7-39
287            android:theme="@android:style/Theme.Translucent.NoTitleBar" />
287-->src/main/AndroidManifest.xml:202:7-66
288        <activity
288-->src/main/AndroidManifest.xml:205:5-214:16
289            android:name="com.facebook.CustomTabActivity"
289-->src/main/AndroidManifest.xml:206:7-52
290            android:exported="true" >
290-->src/main/AndroidManifest.xml:207:7-30
291            <intent-filter>
291-->src/main/AndroidManifest.xml:208:7-213:23
292                <action android:name="android.intent.action.VIEW" />
292-->src/main/AndroidManifest.xml:113:9-60
292-->src/main/AndroidManifest.xml:113:17-58
293
294                <category android:name="android.intent.category.DEFAULT" />
294-->src/main/AndroidManifest.xml:114:9-67
294-->src/main/AndroidManifest.xml:114:19-65
295                <category android:name="android.intent.category.BROWSABLE" />
295-->src/main/AndroidManifest.xml:115:9-69
295-->src/main/AndroidManifest.xml:115:19-67
296                <!-- REPLACE WITH FACEBOOK SCHEME -->
297            </intent-filter>
298        </activity>
299        <activity
299-->src/main/AndroidManifest.xml:216:5-220:69
300            android:name="com.facebook.ads.InterstitialAdActivity"
300-->src/main/AndroidManifest.xml:217:7-61
301            android:configChanges="keyboard|keyboardHidden|screenLayout|screenSize|orientation"
301-->src/main/AndroidManifest.xml:218:7-90
302            android:label="@string/app_name"
302-->src/main/AndroidManifest.xml:219:7-39
303            android:theme="@android:style/Theme.Translucent.NoTitleBar" />
303-->src/main/AndroidManifest.xml:220:7-66
304
305        <service
305-->src/main/AndroidManifest.xml:222:5-224:34